<?xml version="1.0" encoding="UTF-8"?>
<testng-results ignored="0" total="4" passed="3" failed="1" skipped="0">
  <reporter-output>
  </reporter-output>
  <suite started-at="2021-06-30T08:48:22 IDT" name="Default suite" finished-at="2021-06-30T08:49:27 IDT" duration-ms="64163">
    <groups>
    </groups>
    <test started-at="2021-06-30T08:48:22 IDT" name="Default test" finished-at="2021-06-30T08:49:27 IDT" duration-ms="64163">
      <class name="tests.HomeTest">
        <test-method is-config="true" signature="setup(org.testng.ITestContext)[pri:0, instance:tests.HomeTest@1eb6e1c]" started-at="2021-06-30T08:48:22 IDT" name="setup" finished-at="2021-06-30T08:48:43 IDT" duration-ms="20900" status="PASS">
          <params>
            <param index="0">
              <value>
                <![CDATA[org.testng.TestRunner@459bf87c]]>
              </value>
            </param>
          </params>
          <reporter-output>
          </reporter-output>
        </test-method> <!-- setup -->
        <test-method signature="tc01_chooseCategory()[pri:0, instance:tests.HomeTest@1eb6e1c]" started-at="2021-06-30T08:48:43 IDT" name="tc01_chooseCategory" description="clicking on politic category" finished-at="2021-06-30T08:49:03 IDT" duration-ms="19788" status="PASS">
          <reporter-output>
          </reporter-output>
        </test-method> <!-- tc01_chooseCategory -->
        <test-method signature="tc02_checkTopBarIsSticky()[pri:0, instance:tests.HomeTest@1eb6e1c]" started-at="2021-06-30T08:49:03 IDT" name="tc02_checkTopBarIsSticky" description="check topbar is sticky" finished-at="2021-06-30T08:49:06 IDT" duration-ms="2163" status="FAIL">
          <exception class="java.lang.AssertionError">
            <message>
              <![CDATA[expected [[0, 3018]] but found [[0, 80]]]]>
            </message>
            <full-stacktrace>
              <![CDATA[java.lang.AssertionError: expected [[0, 3018]] but found [[0, 80]]
at org.testng.Assert.fail(Assert.java:99)
at org.testng.Assert.failNotEquals(Assert.java:1037)
at org.testng.Assert.assertEqualsImpl(Assert.java:140)
at org.testng.Assert.assertEquals(Assert.java:122)
at org.testng.Assert.assertEquals(Assert.java:629)
at org.testng.Assert.assertEquals(Assert.java:639)
at tests.HomeTest.tc02_checkTopBarIsSticky(HomeTest.java:38)
at java.base/jdk.internal.reflect.NativeMethodAccessorImpl.invoke0(Native Method)
at java.base/jdk.internal.reflect.NativeMethodAccessorImpl.invoke(NativeMethodAccessorImpl.java:62)
at java.base/jdk.internal.reflect.DelegatingMethodAccessorImpl.invoke(DelegatingMethodAccessorImpl.java:43)
at java.base/java.lang.reflect.Method.invoke(Method.java:564)
at org.testng.internal.MethodInvocationHelper.invokeMethod(MethodInvocationHelper.java:132)
at org.testng.internal.TestInvoker.invokeMethod(TestInvoker.java:599)
at org.testng.internal.TestInvoker.invokeTestMethod(TestInvoker.java:174)
at org.testng.internal.MethodRunner.runInSequence(MethodRunner.java:46)
at org.testng.internal.TestInvoker$MethodInvocationAgent.invoke(TestInvoker.java:822)
at org.testng.internal.TestInvoker.invokeTestMethods(TestInvoker.java:147)
at org.testng.internal.TestMethodWorker.invokeTestMethods(TestMethodWorker.java:146)
at org.testng.internal.TestMethodWorker.run(TestMethodWorker.java:128)
at java.base/java.util.ArrayList.forEach(ArrayList.java:1511)
at org.testng.TestRunner.privateRun(TestRunner.java:764)
at org.testng.TestRunner.run(TestRunner.java:585)
at org.testng.SuiteRunner.runTest(SuiteRunner.java:384)
at org.testng.SuiteRunner.runSequentially(SuiteRunner.java:378)
at org.testng.SuiteRunner.privateRun(SuiteRunner.java:337)
at org.testng.SuiteRunner.run(SuiteRunner.java:286)
at org.testng.SuiteRunnerWorker.runSuite(SuiteRunnerWorker.java:53)
at org.testng.SuiteRunnerWorker.run(SuiteRunnerWorker.java:96)
at org.testng.TestNG.runSuitesSequentially(TestNG.java:1218)
at org.testng.TestNG.runSuitesLocally(TestNG.java:1140)
at org.testng.TestNG.runSuites(TestNG.java:1069)
at org.testng.TestNG.run(TestNG.java:1037)
at org.testng.remote.AbstractRemoteTestNG.run(AbstractRemoteTestNG.java:115)
at org.testng.remote.RemoteTestNG.initAndRun(RemoteTestNG.java:251)
at org.testng.remote.RemoteTestNG.main(RemoteTestNG.java:77)
]]>
            </full-stacktrace>
          </exception> <!-- java.lang.AssertionError -->
          <reporter-output>
          </reporter-output>
        </test-method> <!-- tc02_checkTopBarIsSticky -->
        <test-method signature="tc03_checkDateIsCorrect()[pri:0, instance:tests.HomeTest@1eb6e1c]" started-at="2021-06-30T08:49:06 IDT" name="tc03_checkDateIsCorrect" description="check if date on the top menu equals to current date" finished-at="2021-06-30T08:49:06 IDT" duration-ms="158" status="PASS">
          <reporter-output>
          </reporter-output>
        </test-method> <!-- tc03_checkDateIsCorrect -->
        <test-method signature="tc04_moveToWeatherPage()[pri:0, instance:tests.HomeTest@1eb6e1c]" started-at="2021-06-30T08:49:06 IDT" name="tc04_moveToWeatherPage" description="check clicking on weather link redirect the user to weather page" finished-at="2021-06-30T08:49:27 IDT" duration-ms="20789" status="PASS">
          <reporter-output>
          </reporter-output>
        </test-method> <!-- tc04_moveToWeatherPage -->
      </class> <!-- tests.HomeTest -->
    </test> <!-- Default test -->
  </suite> <!-- Default suite -->
</testng-results>
